<?xml version="1.0" encoding="UTF-8"?>
<!-- Generated by org.testng.reporters.JUnitReportReporter -->
<testsuite hostname="TYSS-Adarsh" failures="0" tests="2" name="com.comcast.crm.organizationtest.Demo" time="16.952" errors="0" timestamp="2021-10-31T22:01:42 IST" skipped="0">
  <testcase classname="com.comcast.crm.organizationtest.Demo" name="aa" time="8.313"/>
  <system-out/>
  <testcase classname="com.comcast.crm.organizationtest.Demo" name="dd" time="8.639"/>
  <system-out/>
</testsuite> <!-- com.comcast.crm.organizationtest.Demo -->
